Arguments: 
  C:\Users\zohai\Downloads\node-v18.12.1-win-x64\node-v18.12.1-win-x64\node.exe C:\Users\zohai\Downloads\node-v18.12.1-win-x64\node-v18.12.1-win-x64\node_modules\yarn\bin\yarn.js install

PATH: 
  C:\WINDOWS\system32;C:\WINDOWS;C:\WINDOWS\System32\Wbem;C:\WINDOWS\System32\WindowsPowerShell\v1.0\;C:\WINDOWS\System32\OpenSSH\;C:\Program Files\Docker\Docker\resources\bin;C:\ProgramData\DockerDesktop\version-bin;C:\Users\zohai\Downloads\node-v18.12.1-win-x64\node-v18.12.1-win-x64;C:\Users\zohai\Downloads;F:\Softwares;C:\Users\zohai\Downloads\curl-7.86.0_1-win64-mingw\curl-7.86.0_1-win64-mingw;C:\Users\zohai\AppData\Local\Microsoft\WindowsApps;;C:\Users\zohai\AppData\Local\Programs\Microsoft VS Code\bin

Yarn version: 
  1.22.19

Node version: 
  18.12.1

Platform: 
  win32 x64

Trace: 
  Error: https://registry.yarnpkg.com/@mui/icons-material/-/icons-material-5.10.16.tgz: ESOCKETTIMEDOUT
      at ClientRequest.<anonymous> (C:\Users\zohai\Downloads\node-v18.12.1-win-x64\node-v18.12.1-win-x64\node_modules\yarn\lib\cli.js:141517:19)
      at Object.onceWrapper (node:events:627:28)
      at ClientRequest.emit (node:events:513:28)
      at TLSSocket.emitRequestTimeout (node:_http_client:838:9)
      at Object.onceWrapper (node:events:627:28)
      at TLSSocket.emit (node:events:525:35)
      at Socket._onTimeout (node:net:562:8)
      at listOnTimeout (node:internal/timers:564:17)
      at process.processTimers (node:internal/timers:507:7)

npm manifest: 
  {
    "name": "react-ssr",
    "version": "1.0.0",
    "description": "Server side rendering project",
    "main": "index.js",
    "scripts": {
      "dev": "concurrently \"yarn dev:server\" \"yarn dev:build:server\" \"yarn dev:build:client\" \"yarn compile:sass\"",
      "dev:server": "nodemon --watch build --exec node build/bundle.js",
      "dev:build:server": "webpack --config webpack.server.js --watch",
      "dev:build:client": "webpack --config webpack.client.js --watch",
      "compile:sass": "node-sass src/client/sass/main.scss public/main.css --watch"
    },
    "author": "",
    "license": "ISC",
    "dependencies": {
      "@babel/cli": "^7.13.0",
      "@babel/core": "^7.13.1",
      "@babel/plugin-proposal-class-properties": "^7.13.0",
      "@babel/preset-env": "^7.13.5",
      "@babel/preset-react": "^7.12.13",
      "@babel/preset-typescript": "^7.13.0",
      "@emotion/react": "^11.9.3",
      "@emotion/styled": "^11.9.3",
      "@material-ui/lab": "^4.0.0-alpha.61",
      "@mui/icons-material": "^5.8.4",
      "@mui/material": "^5.8.7",
      "@mui/styled-engine-sc": "^5.8.0",
      "@types/lodash": "^4.14.186",
      "@types/node": "^18.0.3",
      "@types/react": "^17.0.2",
      "@types/react-dom": "^17.0.1",
      "@types/react-router-config": "^5.0.2",
      "@types/redux-logger": "^3.0.8",
      "axios": "0.16.2",
      "babel": "^6.23.0",
      "babel-core": "^7.0.0-bridge.0",
      "babel-jest": "^26.6.3",
      "babel-loader": "^8.2.2",
      "babel-polyfill": "^6.26.0",
      "bootstrap": "^5.1.3",
      "browser-image-compression": "^2.0.0",
      "compression": "1.7.0",
      "compressorjs": "^1.1.1",
      "concurrently": "^6.0.0",
      "country-state-city": "^3.1.2",
      "css-loader": "0.24.0",
      "express": "4.15.4",
      "express-http-proxy": "1.0.6",
      "file-loader": "^6.2.0",
      "fs": "^0.0.1-security",
      "global": "^4.4.0",
      "lodash": "4.17.4",
      "mini-css-extract-plugin": "^2.6.0",
      "nodemon": "1.12.0",
      "npm-run-all": "^4.1.5",
      "node-sass": "^8.0.0",
      "react": "17.0.1",
      "react-bootstrap": "^2.3.1",
      "react-dom": "17.0.1",
      "react-helmet": "6.1.0",
      "react-redux": "^7.2.2",
      "react-router-config": "^5.1.1",
      "react-router-dom": "^5.2.0",
      "react-stripe-checkout": "^2.6.3",
      "redux": "^4.0.5",
      "redux-devtools-extension": "^2.13.8",
      "redux-logger": "^3.0.6",
      "redux-thunk": "2.2.0",
      "regenerator-runtime": "^0.13.7",
      "sass-loader": "^12.6.0",
      "serialize-javascript": "1.4.0",
      "style-loader": "2.0.0",
      "styled-components": "^5.3.5",
      "typescript": "^4.2.2",
      "url-loader": "^4.1.1",
      "webpack": "^5.72.0",
      "webpack-cli": "^4.9.2",
      "webpack-dev-server": "2.8.2",
      "webpack-merge": "4.1.0",
      "webpack-node-externals": "1.6.0"
    },
    "devDependencies": {
      "@types/react-helmet": "^6.1.0",
      "react-error-overlay": "6.0.9"
    },
    "resolutions": {
      "//": "See https://github.com/facebook/create-react-app/issues/11773",
      "react-error-overlay": "6.0.9"
    }
  }

yarn manifest: 
  No manifest

Lockfile: 
  No lockfile
